<?xml version="1.0" encoding="UTF-8"?>
<!-- Generated by org.testng.reporters.JUnitReportReporter -->
<testsuite hostname="acer" failures="0" tests="1" name="com.myhybridframework.testCases.AddAccountDDFTC003" time="16.665" errors="0" timestamp="2023-03-28T07:52:25 IST" skipped="0">
  <testcase classname="com.myhybridframework.testCases.AddAccountDDFTC003" name="newcust_blankvalidation" time="16.665"/>
  <system-out/>
</testsuite> <!-- com.myhybridframework.testCases.AddAccountDDFTC003 -->
