<?xml version="1.0" encoding="UTF-8"?>
<!-- Generated by org.testng.reporters.JUnitReportReporter -->
<testsuite hostname="acer" failures="0" tests="1" name="com.myhybridframework.testCases.NewCustomer_BlankValidationDDFTC004" time="100.060" errors="0" timestamp="2023-03-24T10:28:51 IST" skipped="0">
  <testcase classname="com.myhybridframework.testCases.NewCustomer_BlankValidationDDFTC004" name="newcust_blankvalidation" time="100.060"/>
  <system-out/>
</testsuite> <!-- com.myhybridframework.testCases.NewCustomer_BlankValidationDDFTC004 -->
