<?xml version="1.0" encoding="UTF-8"?>
<!-- Generated by org.testng.reporters.JUnitReportReporter -->
<testsuite hostname="acer" failures="0" tests="1" name="com.myhybridframework.testCases.MultipleScreenshots" time="15.561" errors="0" timestamp="2023-04-05T08:28:11 IST" skipped="0">
  <testcase classname="com.myhybridframework.testCases.MultipleScreenshots" name="loginTest" time="15.561"/>
  <system-out/>
</testsuite> <!-- com.myhybridframework.testCases.MultipleScreenshots -->
