<?xml version="1.0" encoding="UTF-8"?>
<!-- Generated by org.testng.reporters.JUnitReportReporter -->
<testsuite hostname="acer" failures="0" tests="1" name="com.myhybridframework.testCases.TC_BothInvalid_Crendentials003" time="12.144" errors="0" timestamp="2023-03-10T08:37:24 IST" skipped="0">
  <testcase classname="com.myhybridframework.testCases.TC_BothInvalid_Crendentials003" name="loginTest" time="12.144"/>
  <system-out/>
</testsuite> <!-- com.myhybridframework.testCases.TC_BothInvalid_Crendentials003 -->
