<?xml version="1.0" encoding="UTF-8"?>
<!-- Generated by org.testng.reporters.JUnitReportReporter -->
<testsuite hostname="acer" failures="0" tests="1" name="com.myhybridframework.testCases.WithdrawalDDFTC0006" time="10.631" errors="0" timestamp="2023-03-28T10:28:16 IST" skipped="0">
  <testcase classname="com.myhybridframework.testCases.WithdrawalDDFTC0006" name="Amount_Deposit" time="10.631"/>
  <system-out/>
</testsuite> <!-- com.myhybridframework.testCases.WithdrawalDDFTC0006 -->
