<?xml version="1.0" encoding="UTF-8"?>
<!-- Generated by org.testng.reporters.JUnitReportReporter -->
<testsuite hostname="acer" failures="0" tests="1" name="com.myhybridframework.testCases.Demo_Practice_1" time="10.587" errors="0" timestamp="2023-03-27T06:46:11 IST" skipped="0">
  <testcase classname="com.myhybridframework.testCases.Demo_Practice_1" name="LoginDemo" time="10.587"/>
  <system-out/>
</testsuite> <!-- com.myhybridframework.testCases.Demo_Practice_1 -->
