<?xml version="1.0" encoding="UTF-8"?>
<!-- Generated by org.testng.reporters.JUnitReportReporter -->
<testsuite hostname="acer" failures="0" tests="1" name="com.myhybridframework.testCases.Demo_Practice_2" time="14.417" errors="0" timestamp="2023-03-27T06:47:48 IST" skipped="0">
  <testcase classname="com.myhybridframework.testCases.Demo_Practice_2" name="new_customer" time="14.417"/>
  <system-out/>
</testsuite> <!-- com.myhybridframework.testCases.Demo_Practice_2 -->
