<?xml version="1.0" encoding="UTF-8"?>
<!-- Generated by org.testng.reporters.JUnitReportReporter -->
<testsuite hostname="acer" failures="0" tests="1" name="com.myhybridframework.testCases.DepositDDFTC0005" time="11.736" errors="0" timestamp="2023-03-28T09:57:57 IST" skipped="0">
  <testcase classname="com.myhybridframework.testCases.DepositDDFTC0005" name="Amount_Deposit" time="11.736"/>
  <system-out/>
</testsuite> <!-- com.myhybridframework.testCases.DepositDDFTC0005 -->
