<?xml version="1.0" encoding="UTF-8"?>
<!-- Generated by org.testng.reporters.JUnitReportReporter -->
<testsuite hostname="acer" failures="0" tests="1" name="com.myhybridframework.testCases.Deposit_TC007" time="15.120" errors="0" timestamp="2023-03-17T14:51:39 IST" skipped="0">
  <testcase classname="com.myhybridframework.testCases.Deposit_TC007" name="loginTest" time="15.120"/>
  <system-out/>
</testsuite> <!-- com.myhybridframework.testCases.Deposit_TC007 -->
