<?xml version="1.0" encoding="UTF-8"?>
<!-- Generated by org.testng.reporters.JUnitReportReporter -->
<testsuite hostname="acer" failures="0" tests="1" name="com.myhybridframework.testCases.Demo1" time="26.413" errors="0" timestamp="2023-03-27T06:58:49 IST" skipped="0">
  <testcase classname="com.myhybridframework.testCases.Demo1" name="newcustomerDDT" time="26.413"/>
  <system-out/>
</testsuite> <!-- com.myhybridframework.testCases.Demo1 -->
