<?xml version="1.0" encoding="UTF-8"?>
<!-- Generated by org.testng.reporters.JUnitReportReporter -->
<testsuite hostname="acer" failures="0" tests="1" name="com.myhybridframework.testCases.Demo_DataDriven" time="15.305" errors="0" timestamp="2023-03-28T06:44:36 IST" skipped="0">
  <testcase classname="com.myhybridframework.testCases.Demo_DataDriven" name="DataDriven" time="15.305"/>
  <system-out/>
</testsuite> <!-- com.myhybridframework.testCases.Demo_DataDriven -->
