<?xml version="1.0" encoding="UTF-8"?>
<!-- Generated by org.testng.reporters.JUnitReportReporter -->
<testsuite hostname="acer" failures="0" tests="1" name="com.myhybridframework.testCases.TC_InvalidPassword_004" time="9.354" errors="0" timestamp="2023-03-10T08:38:01 IST" skipped="0">
  <testcase classname="com.myhybridframework.testCases.TC_InvalidPassword_004" name="loginTest" time="9.354"/>
  <system-out/>
</testsuite> <!-- com.myhybridframework.testCases.TC_InvalidPassword_004 -->
